# Logfile created on 2015-10-16 05:24:49 +0900 by logger.rb/41954
D, [2015-10-16T05:24:49.523724 #17807] DEBUG -- :   [1m[36m (9.4ms)[0m  [1mCREATE TABLE "schema_migrations" ("version" varchar NOT NULL) [0m
D, [2015-10-16T05:24:49.524237 #17807] DEBUG -- :   [1m[35m (0.1ms)[0m  select sqlite_version(*)
D, [2015-10-16T05:24:49.526332 #17807] DEBUG -- :   [1m[36m (1.3ms)[0m  [1mCREATE UNIQUE INDEX "unique_schema_migrations" ON "schema_migrations" ("version")[0m
D, [2015-10-16T05:29:34.627448 #17911] DEBUG -- :   [1m[36m (8.5ms)[0m  [1mCREATE TABLE "schema_migrations" ("version" varchar NOT NULL) [0m
D, [2015-10-16T05:29:34.627939 #17911] DEBUG -- :   [1m[35m (0.1ms)[0m  select sqlite_version(*)
D, [2015-10-16T05:29:34.630089 #17911] DEBUG -- :   [1m[36m (1.4ms)[0m  [1mCREATE UNIQUE INDEX "unique_schema_migrations" ON "schema_migrations" ("version")[0m
D, [2015-10-16T05:47:23.599455 #18269] DEBUG -- :   [1m[36mActiveRecord::SchemaMigration Load (0.7ms)[0m  [1mSELECT "schema_migrations".* FROM "schema_migrations"[0m
I, [2015-10-16T05:47:23.620805 #18269]  INFO -- : Migrating to Ctable (1)
D, [2015-10-16T05:47:50.771415 #18285] DEBUG -- :   [1m[36mActiveRecord::SchemaMigration Load (0.2ms)[0m  [1mSELECT "schema_migrations".* FROM "schema_migrations"[0m
I, [2015-10-16T05:47:50.792136 #18285]  INFO -- : Migrating to Ctable (1)
D, [2015-10-16T05:47:50.792776 #18285] DEBUG -- :   [1m[35m (0.1ms)[0m  begin transaction
D, [2015-10-16T05:47:50.804914 #18285] DEBUG -- :   [1m[36m (0.8ms)[0m  [1mCREATE TABLE "job" ("id" INTEGER PRIMARY KEY AUTOINCREMENT NOT NULL, "order" integer, "status" integer DEFAULT NULL) [0m
D, [2015-10-16T05:47:50.805969 #18285] DEBUG -- :   [1m[35m (0.3ms)[0m  CREATE TABLE "head" ("id" INTEGER PRIMARY KEY AUTOINCREMENT NOT NULL, "name" text) 
D, [2015-10-16T05:47:50.815233 #18285] DEBUG -- :   [1m[36mSQL (0.3ms)[0m  [1mINSERT INTO "schema_migrations" ("version") VALUES (?)[0m  [["version", "1"]]
D, [2015-10-16T05:47:50.817281 #18285] DEBUG -- :   [1m[35m (1.4ms)[0m  commit transaction
D, [2015-10-16T05:48:33.109239 #18294] DEBUG -- :   [1m[36m (0.3ms)[0m  [1mbegin transaction[0m
D, [2015-10-16T05:48:33.116633 #18294] DEBUG -- :   [1m[35mSQL (0.5ms)[0m  INSERT INTO "head" ("name") VALUES (?)  [["name", "なっちゃん"]]
D, [2015-10-16T05:48:33.125757 #18294] DEBUG -- :   [1m[36m (8.7ms)[0m  [1mcommit transaction[0m
D, [2015-10-16T05:50:58.469967 #18312] DEBUG -- :   [1m[36m (0.1ms)[0m  [1mbegin transaction[0m
D, [2015-10-16T05:50:58.472402 #18312] DEBUG -- :   [1m[35mSQL (0.4ms)[0m  INSERT INTO "head" DEFAULT VALUES
D, [2015-10-16T05:50:58.473599 #18312] DEBUG -- :   [1m[36m (0.8ms)[0m  [1mcommit transaction[0m
D, [2015-10-16T05:56:55.432854 #18418] DEBUG -- :   [1m[36mJob Load (0.4ms)[0m  [1mSELECT  "job".* FROM "job"  ORDER BY created_at DESC LIMIT 100[0m
E, [2015-10-16T05:56:55.433265 #18418] ERROR -- : SQLite3::SQLException: no such column: created_at: SELECT  "job".* FROM "job"  ORDER BY created_at DESC LIMIT 100
D, [2015-10-16T05:58:12.187061 #18436] DEBUG -- :   [1m[36mHead Load (1.8ms)[0m  [1mSELECT "head".* FROM "head"[0m
D, [2015-10-16T05:58:47.224594 #18436] DEBUG -- :   [1m[35mHead Load (0.5ms)[0m  SELECT "head".* FROM "head" WHERE "head"."id" IS NULL
D, [2015-10-16T06:00:03.810938 #18436] DEBUG -- :   [1m[36mHead Load (0.3ms)[0m  [1mSELECT "head".* FROM "head" WHERE "head"."id" IS NULL[0m
D, [2015-10-16T06:00:20.299816 #18454] DEBUG -- :   [1m[36mHead Load (0.9ms)[0m  [1mSELECT  "head".* FROM "head" WHERE "head"."id" IS NULL LIMIT 1[0m
D, [2015-10-16T06:00:32.443334 #18454] DEBUG -- :   [1m[35mHead Load (0.2ms)[0m  SELECT  "head".* FROM "head" WHERE "head"."id" IS NULL LIMIT 1
D, [2015-10-16T06:00:38.748946 #18454] DEBUG -- :   [1m[36mHead Load (0.2ms)[0m  [1mSELECT "head".* FROM "head"[0m
D, [2015-10-16T06:01:29.830006 #18466] DEBUG -- :   [1m[36mHead Load (0.9ms)[0m  [1mSELECT "head".* FROM "head"[0m
D, [2015-10-16T06:01:34.080455 #18466] DEBUG -- :   [1m[35mHead Load (0.2ms)[0m  SELECT  "head".* FROM "head" WHERE "head"."id" = ? LIMIT 1  [["id", 0]]
D, [2015-10-16T06:01:49.553299 #18466] DEBUG -- :   [1m[36mHead Load (0.1ms)[0m  [1mSELECT  "head".* FROM "head" WHERE "head"."id" = ? LIMIT 1[0m  [["id", 0]]
D, [2015-10-16T06:01:56.490483 #18466] DEBUG -- :   [1m[35mHead Load (0.2ms)[0m  SELECT  "head".* FROM "head" WHERE "head"."id" = ? LIMIT 1  [["id", 0]]
D, [2015-10-16T06:02:43.583530 #18481] DEBUG -- :   [1m[36mHead Load (0.2ms)[0m  [1mSELECT  "head".* FROM "head" WHERE "head"."id" = ? LIMIT 1[0m  [["id", 0]]
D, [2015-10-16T06:03:44.020705 #18499] DEBUG -- :   [1m[36mHead Load (1.1ms)[0m  [1mSELECT  "head".* FROM "head" WHERE "head"."id" IS NULL LIMIT 1[0m
D, [2015-10-16T06:04:30.378374 #18517] DEBUG -- :   [1m[36mHead Load (0.6ms)[0m  [1mSELECT  "head".* FROM "head" WHERE "head"."id" = ? LIMIT 1[0m  [["id", 2]]
D, [2015-10-16T06:05:39.799781 #18535] DEBUG -- :   [1m[36mHead Load (0.8ms)[0m  [1mSELECT  "head".* FROM "head" WHERE "head"."id" = ? LIMIT 1[0m  [["id", 2]]
D, [2015-10-16T06:05:39.810310 #18535] DEBUG -- :   [1m[35m (0.3ms)[0m  begin transaction
D, [2015-10-16T06:05:39.819466 #18535] DEBUG -- :   [1m[36mSQL (0.9ms)[0m  [1mUPDATE "head" SET "name" = ? WHERE "head"."id" = ?[0m  [["name", "おっちゃん"], ["id", 2]]
D, [2015-10-16T06:05:39.822068 #18535] DEBUG -- :   [1m[35m (1.7ms)[0m  commit transaction
D, [2015-10-16T06:05:45.531867 #18535] DEBUG -- :   [1m[36mHead Load (0.4ms)[0m  [1mSELECT "head".* FROM "head"[0m
D, [2015-10-16T06:35:45.760198 #19129] DEBUG -- :   [1m[36mHead Load (0.5ms)[0m  [1mSELECT  "head".* FROM "head" WHERE "head"."id" = ? LIMIT 1[0m  [["id", 0]]
D, [2015-10-16T06:40:53.654809 #19129] DEBUG -- :   [1m[35mHead Load (0.4ms)[0m  SELECT  "head".* FROM "head" WHERE "head"."id" = ? LIMIT 1  [["id", 0]]
D, [2015-10-16T07:13:34.722278 #19248] DEBUG -- :   [1m[36mHead Load (0.5ms)[0m  [1mSELECT  "head".* FROM "head" WHERE "head"."id" = ? LIMIT 1[0m  [["id", 1]]
D, [2015-10-16T07:15:13.456900 #19316] DEBUG -- :   [1m[36mHead Load (0.5ms)[0m  [1mSELECT  "head".* FROM "head" WHERE "head"."id" = ? LIMIT 1[0m  [["id", 1]]
D, [2015-10-16T07:15:13.462093 #19316] DEBUG -- :   [1m[35m (0.1ms)[0m  begin transaction
D, [2015-10-16T07:15:13.465762 #19316] DEBUG -- :   [1m[36mSQL (0.4ms)[0m  [1mUPDATE "head" SET "name" = ? WHERE "head"."id" = ?[0m  [["name", "おっちゃん"], ["id", 1]]
D, [2015-10-16T07:15:13.466838 #19316] DEBUG -- :   [1m[35m (0.8ms)[0m  commit transaction
D, [2015-10-16T07:24:18.545704 #19352] DEBUG -- :   [1m[36mHead Load (0.7ms)[0m  [1mSELECT  "head".* FROM "head" WHERE "head"."id" = ? LIMIT 1[0m  [["id", 1]]
D, [2015-10-16T07:24:18.550092 #19352] DEBUG -- :   [1m[35m (0.1ms)[0m  begin transaction
D, [2015-10-16T07:24:18.626362 #19352] DEBUG -- :   [1m[36m (0.1ms)[0m  [1mcommit transaction[0m
D, [2015-10-16T07:28:40.548125 #19352] DEBUG -- :   [1m[35mHead Load (0.7ms)[0m  SELECT  "head".* FROM "head" WHERE "head"."id" = ? LIMIT 1  [["id", 2]]
D, [2015-10-16T07:28:40.549517 #19352] DEBUG -- :   [1m[36m (0.1ms)[0m  [1mbegin transaction[0m
D, [2015-10-16T07:28:40.550732 #19352] DEBUG -- :   [1m[35m (0.1ms)[0m  commit transaction
D, [2015-10-16T07:30:26.323865 #19352] DEBUG -- :   [1m[36mHead Load (0.2ms)[0m  [1mSELECT "head".* FROM "head"[0m
D, [2015-10-16T07:30:31.819005 #19352] DEBUG -- :   [1m[35mJob Load (0.4ms)[0m  SELECT  "job".* FROM "job"  ORDER BY created_at DESC LIMIT 100
E, [2015-10-16T07:30:31.819151 #19352] ERROR -- : SQLite3::SQLException: no such column: created_at: SELECT  "job".* FROM "job"  ORDER BY created_at DESC LIMIT 100
D, [2015-10-16T07:31:06.927181 #19352] DEBUG -- :   [1m[36mHead Load (0.3ms)[0m  [1mSELECT  "head".* FROM "head" WHERE "head"."id" = ? LIMIT 1[0m  [["id", 0]]
D, [2015-10-16T07:31:32.614942 #19352] DEBUG -- :   [1m[35m (0.1ms)[0m  begin transaction
D, [2015-10-16T07:31:32.623349 #19352] DEBUG -- :   [1m[36mSQL (7.6ms)[0m  [1mINSERT INTO "job" ("order") VALUES (?)[0m  [["order", 3]]
D, [2015-10-16T07:31:32.632531 #19352] DEBUG -- :   [1m[35m (4.6ms)[0m  commit transaction
D, [2015-10-16T07:31:39.505251 #19352] DEBUG -- :   [1m[36mJob Load (0.2ms)[0m  [1mSELECT  "job".* FROM "job"  ORDER BY created_at DESC LIMIT 100[0m
E, [2015-10-16T07:31:39.505313 #19352] ERROR -- : SQLite3::SQLException: no such column: created_at: SELECT  "job".* FROM "job"  ORDER BY created_at DESC LIMIT 100
D, [2015-10-16T07:33:29.678569 #19435] DEBUG -- :   [1m[36mActiveRecord::SchemaMigration Load (0.5ms)[0m  [1mSELECT "schema_migrations".* FROM "schema_migrations"[0m
D, [2015-10-16T07:33:39.165130 #19451] DEBUG -- :   [1m[36mActiveRecord::SchemaMigration Load (0.1ms)[0m  [1mSELECT "schema_migrations".* FROM "schema_migrations"[0m
D, [2015-10-16T07:34:53.403178 #19469] DEBUG -- :   [1m[36mActiveRecord::SchemaMigration Load (0.1ms)[0m  [1mSELECT "schema_migrations".* FROM "schema_migrations"[0m
D, [2015-10-16T07:35:02.733199 #19478] DEBUG -- :   [1m[36mActiveRecord::SchemaMigration Load (0.1ms)[0m  [1mSELECT "schema_migrations".* FROM "schema_migrations"[0m
D, [2015-10-16T07:35:08.142399 #19487] DEBUG -- :   [1m[36mActiveRecord::SchemaMigration Load (0.7ms)[0m  [1mSELECT "schema_migrations".* FROM "schema_migrations"[0m
I, [2015-10-16T07:35:08.161227 #19487]  INFO -- : Migrating to Ctable (1)
D, [2015-10-16T07:37:09.064559 #19516] DEBUG -- :   [1m[36m (9.4ms)[0m  [1mCREATE TABLE "schema_migrations" ("version" varchar NOT NULL) [0m
D, [2015-10-16T07:37:09.065136 #19516] DEBUG -- :   [1m[35m (0.1ms)[0m  select sqlite_version(*)
D, [2015-10-16T07:37:09.067301 #19516] DEBUG -- :   [1m[36m (1.4ms)[0m  [1mCREATE UNIQUE INDEX "unique_schema_migrations" ON "schema_migrations" ("version")[0m
D, [2015-10-16T07:37:09.068746 #19516] DEBUG -- :   [1m[35mActiveRecord::SchemaMigration Load (0.2ms)[0m  SELECT "schema_migrations".* FROM "schema_migrations"
I, [2015-10-16T07:37:09.088699 #19516]  INFO -- : Migrating to Ctable (1)
D, [2015-10-16T07:37:33.736738 #19532] DEBUG -- :   [1m[36mActiveRecord::SchemaMigration Load (0.1ms)[0m  [1mSELECT "schema_migrations".* FROM "schema_migrations"[0m
I, [2015-10-16T07:37:33.757191 #19532]  INFO -- : Migrating to Ctable (1)
D, [2015-10-16T07:37:33.757754 #19532] DEBUG -- :   [1m[35m (0.1ms)[0m  begin transaction
D, [2015-10-16T07:37:33.769720 #19532] DEBUG -- :   [1m[36m (0.9ms)[0m  [1mCREATE TABLE "job" ("id" INTEGER PRIMARY KEY AUTOINCREMENT NOT NULL, "order" integer NOT NULL, "status" integer DEFAULT 0, "created_at" datetime NOT NULL, "updated_at" datetime NOT NULL) [0m
D, [2015-10-16T07:37:33.771051 #19532] DEBUG -- :   [1m[35m (0.3ms)[0m  CREATE TABLE "head" ("id" INTEGER PRIMARY KEY AUTOINCREMENT NOT NULL, "name" text, "created_at" datetime NOT NULL, "updated_at" datetime NOT NULL) 
D, [2015-10-16T07:37:33.780208 #19532] DEBUG -- :   [1m[36mSQL (0.3ms)[0m  [1mINSERT INTO "schema_migrations" ("version") VALUES (?)[0m  [["version", "1"]]
D, [2015-10-16T07:37:33.782030 #19532] DEBUG -- :   [1m[35m (1.2ms)[0m  commit transaction
D, [2015-10-16T07:38:14.082528 #19556] DEBUG -- :   [1m[36mJob Load (0.9ms)[0m  [1mSELECT  "job".* FROM "job"  ORDER BY created_at DESC LIMIT 100[0m
D, [2015-10-16T07:38:24.182297 #19556] DEBUG -- :   [1m[35m (0.1ms)[0m  begin transaction
D, [2015-10-16T07:38:24.199574 #19556] DEBUG -- :   [1m[36mSQL (13.6ms)[0m  [1mINSERT INTO "job" ("order", "created_at", "updated_at") VALUES (?, ?, ?)[0m  [["order", 3], ["created_at", "2015-10-15 22:38:24.183643"], ["updated_at", "2015-10-15 22:38:24.183643"]]
D, [2015-10-16T07:38:24.201122 #19556] DEBUG -- :   [1m[35m (1.0ms)[0m  commit transaction
D, [2015-10-16T07:38:28.243036 #19556] DEBUG -- :   [1m[36mJob Load (0.3ms)[0m  [1mSELECT  "job".* FROM "job"  ORDER BY created_at DESC LIMIT 100[0m
D, [2015-10-16T07:39:08.517379 #19556] DEBUG -- :   [1m[35mJob Load (0.5ms)[0m  SELECT  "job".* FROM "job" WHERE "job"."id" IS NULL LIMIT 1
D, [2015-10-16T07:39:14.687398 #19556] DEBUG -- :   [1m[36mJob Load (0.2ms)[0m  [1mSELECT  "job".* FROM "job"  ORDER BY created_at DESC LIMIT 100[0m
D, [2015-10-16T07:39:17.176057 #19556] DEBUG -- :   [1m[35mJob Load (0.2ms)[0m  SELECT  "job".* FROM "job"  ORDER BY created_at DESC LIMIT 100
D, [2015-10-16T07:43:12.551085 #19575] DEBUG -- :   [1m[36mJob Load (0.2ms)[0m  [1mSELECT  "job".* FROM "job" WHERE "job"."id" = ? LIMIT 1[0m  [["id", 1]]
D, [2015-10-16T07:43:12.559210 #19575] DEBUG -- :   [1m[35m (0.2ms)[0m  begin transaction
D, [2015-10-16T07:43:12.563942 #19575] DEBUG -- :   [1m[36mSQL (0.6ms)[0m  [1mUPDATE "job" SET "status" = ?, "updated_at" = ? WHERE "job"."id" = ?[0m  [["status", 1], ["updated_at", "2015-10-15 22:43:12.561932"], ["id", 1]]
D, [2015-10-16T07:43:12.565252 #19575] DEBUG -- :   [1m[35m (0.9ms)[0m  commit transaction
D, [2015-10-16T07:43:51.820888 #19593] DEBUG -- :   [1m[36mJob Load (0.2ms)[0m  [1mSELECT  "job".* FROM "job" WHERE "job"."id" = ? LIMIT 1[0m  [["id", 1]]
D, [2015-10-16T07:43:51.826547 #19593] DEBUG -- :   [1m[35m (0.1ms)[0m  begin transaction
D, [2015-10-16T07:43:51.828487 #19593] DEBUG -- :   [1m[36m (0.2ms)[0m  [1mcommit transaction[0m
D, [2015-10-16T07:43:56.925434 #19593] DEBUG -- :   [1m[35mJob Load (0.3ms)[0m  SELECT  "job".* FROM "job"  ORDER BY created_at DESC LIMIT 100
D, [2015-10-16T07:45:34.488311 #19611] DEBUG -- :   [1m[36mJob Load (0.2ms)[0m  [1mSELECT  "job".* FROM "job" WHERE "job"."id" = ? LIMIT 1[0m  [["id", 1]]
D, [2015-10-16T07:45:34.493189 #19611] DEBUG -- :   [1m[35m (0.1ms)[0m  begin transaction
D, [2015-10-16T07:45:34.495181 #19611] DEBUG -- :   [1m[36mSQL (0.4ms)[0m  [1mDELETE FROM "job" WHERE "job"."id" = ?[0m  [["id", 1]]
D, [2015-10-16T07:45:34.496176 #19611] DEBUG -- :   [1m[35m (0.8ms)[0m  commit transaction
D, [2015-10-16T07:45:39.043893 #19611] DEBUG -- :   [1m[36mJob Load (0.3ms)[0m  [1mSELECT  "job".* FROM "job"  ORDER BY created_at DESC LIMIT 100[0m
D, [2015-10-16T07:45:43.571663 #19611] DEBUG -- :   [1m[35mHead Load (0.2ms)[0m  SELECT "head".* FROM "head"
D, [2015-10-16T07:46:17.851092 #19611] DEBUG -- :   [1m[36mHead Load (0.4ms)[0m  [1mSELECT  "head".* FROM "head" WHERE "head"."id" = ? LIMIT 1[0m  [["id", 0]]
D, [2015-10-16T07:46:21.624092 #19611] DEBUG -- :   [1m[35mHead Load (0.2ms)[0m  SELECT "head".* FROM "head"
D, [2015-10-16T07:47:53.609060 #19629] DEBUG -- :   [1m[36mHead Load (0.9ms)[0m  [1mSELECT "head".* FROM "head"[0m
D, [2015-10-16T07:50:23.768900 #19647] DEBUG -- :   [1m[36m (0.1ms)[0m  [1mbegin transaction[0m
D, [2015-10-16T07:50:23.775529 #19647] DEBUG -- :   [1m[35mSQL (0.5ms)[0m  INSERT INTO "head" ("name", "created_at", "updated_at") VALUES (?, ?, ?)  [["name", "なっちゃん"], ["created_at", "2015-10-15 22:50:23.771291"], ["updated_at", "2015-10-15 22:50:23.771291"]]
D, [2015-10-16T07:50:23.776762 #19647] DEBUG -- :   [1m[36m (0.8ms)[0m  [1mcommit transaction[0m
D, [2015-10-16T07:50:28.505418 #19647] DEBUG -- :   [1m[35mHead Load (0.2ms)[0m  SELECT "head".* FROM "head"
D, [2015-10-16T07:50:48.608587 #19647] DEBUG -- :   [1m[36mHead Load (0.2ms)[0m  [1mSELECT  "head".* FROM "head" WHERE "head"."id" = ? LIMIT 1[0m  [["id", 0]]
D, [2015-10-16T07:50:52.127052 #19647] DEBUG -- :   [1m[35mHead Load (0.2ms)[0m  SELECT "head".* FROM "head"
D, [2015-10-16T07:51:14.896582 #19647] DEBUG -- :   [1m[36mHead Load (0.2ms)[0m  [1mSELECT  "head".* FROM "head" WHERE "head"."id" = ? LIMIT 1[0m  [["id", 1]]
D, [2015-10-16T07:51:14.897176 #19647] DEBUG -- :   [1m[35m (0.1ms)[0m  begin transaction
D, [2015-10-16T07:51:14.899665 #19647] DEBUG -- :   [1m[36mSQL (0.5ms)[0m  [1mUPDATE "head" SET "name" = ?, "updated_at" = ? WHERE "head"."id" = ?[0m  [["name", "Oっちゃん"], ["updated_at", "2015-10-15 22:51:14.897617"], ["id", 1]]
D, [2015-10-16T07:51:14.908176 #19647] DEBUG -- :   [1m[35m (8.0ms)[0m  commit transaction
D, [2015-10-16T07:51:20.371729 #19647] DEBUG -- :   [1m[36mHead Load (0.3ms)[0m  [1mSELECT "head".* FROM "head"[0m
D, [2015-10-16T07:51:41.761510 #19647] DEBUG -- :   [1m[35mHead Load (0.1ms)[0m  SELECT  "head".* FROM "head" WHERE "head"."id" = ? LIMIT 1  [["id", 1]]
D, [2015-10-16T07:51:41.761843 #19647] DEBUG -- :   [1m[36m (0.1ms)[0m  [1mbegin transaction[0m
D, [2015-10-16T07:51:41.762871 #19647] DEBUG -- :   [1m[35mSQL (0.4ms)[0m  DELETE FROM "head" WHERE "head"."id" = ?  [["id", 1]]
D, [2015-10-16T07:51:41.771249 #19647] DEBUG -- :   [1m[36m (8.2ms)[0m  [1mcommit transaction[0m
D, [2015-10-16T07:51:45.467261 #19647] DEBUG -- :   [1m[35mHead Load (0.2ms)[0m  SELECT "head".* FROM "head"
